2024-04-29 00:43:36.843 [main] INFO  Modules.Server - Коллекция загружена успешно
2024-04-29 00:43:36.854 [main] INFO  Modules.Server - Канал сервера готов к работе
2024-04-29 00:43:38.763 [main] INFO  Modules.Server - Обработка ключа началась
2024-04-29 00:43:38.765 [main] INFO  Modules.Server - Установлено соединение с клиентом Socket[addr=/127.0.0.1,port=61591,localport=8000]
2024-04-29 00:43:52.067 [main] INFO  Modules.Server - Обработка ключа началась
2024-04-29 00:43:52.069 [main] INFO  Modules.Server - 316 байт пришло от клиента
2024-04-29 00:43:52.088 [Thread-2] INFO  Modules.Server - Пользователь bilyardvmetro успешно аутентифицирован
2024-04-29 00:43:52.089 [main] INFO  Modules.Server - Обработка ключа началась
2024-04-29 00:43:52.092 [Thread-3] INFO  Modules.Server - Длинна ответа (java.nio.HeapByteBuffer[pos=4 lim=4 cap=32]) отправлена клиенту
2024-04-29 00:43:52.093 [Thread-3] INFO  Modules.Server - Ответ отправлен клиенту
2024-04-29 00:44:01.439 [main] INFO  Modules.Server - Обработка ключа началась
2024-04-29 00:44:01.440 [main] INFO  Modules.Server - 324 байт пришло от клиента
2024-04-29 00:44:01.444 [Thread-4] INFO  Modules.Server - Запрос:
info

null
Успешно обработан
2024-04-29 00:44:01.445 [main] INFO  Modules.Server - Обработка ключа началась
2024-04-29 00:44:01.446 [Thread-5] INFO  Modules.Server - Длинна ответа (java.nio.HeapByteBuffer[pos=4 lim=4 cap=32]) отправлена клиенту
2024-04-29 00:44:01.446 [Thread-5] INFO  Modules.Server - Ответ отправлен клиенту
2024-04-29 00:44:12.423 [main] INFO  Modules.Server - Обработка ключа началась
2024-04-29 00:44:12.424 [main] INFO  Modules.Server - 324 байт пришло от клиента
2024-04-29 00:44:12.439 [Thread-6] INFO  Modules.Server - Запрос:
show

null
Успешно обработан
2024-04-29 00:44:12.439 [main] INFO  Modules.Server - Обработка ключа началась
2024-04-29 00:44:12.440 [Thread-7] INFO  Modules.Server - Длинна ответа (java.nio.HeapByteBuffer[pos=4 lim=4 cap=32]) отправлена клиенту
2024-04-29 00:44:12.440 [Thread-7] INFO  Modules.Server - Ответ отправлен клиенту
2024-04-29 00:44:29.473 [main] INFO  Modules.Server - Обработка ключа началась
2024-04-29 00:44:29.474 [main] INFO  Modules.Server - Клиент java.nio.channels.SocketChannel[connected local=/127.0.0.1:8000 remote=/127.0.0.1:61591] отключился
2024-04-29 00:44:29.476 [Thread-8] INFO  Modules.Server - Запрос:
show

null
Успешно обработан
2024-04-29 00:44:29.476 [main] INFO  Modules.Server - Клиент java.nio.channels.SocketChannel[connected local=/127.0.0.1:8000 remote=/127.0.0.1:61591] отключился
2024-04-29 00:49:30.506 [main] INFO  Modules.Server - Коллекция загружена успешно
2024-04-29 00:49:30.517 [main] INFO  Modules.Server - Канал сервера готов к работе
2024-04-29 00:49:33.486 [main] INFO  Modules.Server - Обработка ключа началась
2024-04-29 00:49:33.488 [main] INFO  Modules.Server - Установлено соединение с клиентом Socket[addr=/127.0.0.1,port=61607,localport=8000]
2024-04-29 00:49:39.917 [main] INFO  Modules.Server - Обработка ключа началась
2024-04-29 00:49:39.919 [main] INFO  Modules.Server - 316 байт пришло от клиента
2024-04-29 00:49:39.937 [Thread-2] INFO  Modules.Server - Пользователь bilyardvmetro успешно аутентифицирован
2024-04-29 00:49:39.938 [main] INFO  Modules.Server - Обработка ключа началась
2024-04-29 00:49:39.941 [Thread-3] INFO  Modules.Server - Длинна ответа (java.nio.HeapByteBuffer[pos=4 lim=4 cap=32]) отправлена клиенту
2024-04-29 00:49:39.941 [Thread-3] INFO  Modules.Server - Ответ отправлен клиенту
2024-04-29 00:49:41.678 [main] INFO  Modules.Server - Обработка ключа началась
2024-04-29 00:49:41.679 [main] INFO  Modules.Server - 324 байт пришло от клиента
2024-04-29 00:49:41.695 [Thread-4] INFO  Modules.Server - Запрос:
show

null
Успешно обработан
2024-04-29 00:49:41.696 [main] INFO  Modules.Server - Обработка ключа началась
2024-04-29 00:49:41.696 [Thread-5] INFO  Modules.Server - Длинна ответа (java.nio.HeapByteBuffer[pos=4 lim=4 cap=32]) отправлена клиенту
2024-04-29 00:49:41.697 [Thread-5] INFO  Modules.Server - Ответ отправлен клиенту
2024-04-29 00:50:00.338 [main] INFO  Modules.Server - Обработка ключа началась
2024-04-29 00:50:00.338 [main] INFO  Modules.Server - 335 байт пришло от клиента
2024-04-29 00:50:00.366 [Thread-6] INFO  Modules.Server - Запрос:
removeGreater
20
null
Успешно обработан
2024-04-29 00:50:00.367 [main] INFO  Modules.Server - Обработка ключа началась
2024-04-29 00:50:00.368 [Thread-7] INFO  Modules.Server - Длинна ответа (java.nio.HeapByteBuffer[pos=4 lim=4 cap=32]) отправлена клиенту
2024-04-29 00:50:00.369 [Thread-7] INFO  Modules.Server - Ответ отправлен клиенту
2024-04-29 00:50:18.564 [main] INFO  Modules.Server - Обработка ключа началась
2024-04-29 00:50:18.565 [main] INFO  Modules.Server - 343 байт пришло от клиента
2024-04-29 00:50:18.567 [Thread-8] INFO  Modules.Server - Запрос:
exectueScript
Add script
null
Успешно обработан
2024-04-29 00:50:18.567 [main] INFO  Modules.Server - Обработка ключа началась
2024-04-29 00:50:18.568 [Thread-9] INFO  Modules.Server - Длинна ответа (java.nio.HeapByteBuffer[pos=4 lim=4 cap=32]) отправлена клиенту
2024-04-29 00:50:18.569 [Thread-9] INFO  Modules.Server - Ответ отправлен клиенту
2024-04-29 00:50:29.613 [main] INFO  Modules.Server - Обработка ключа началась
2024-04-29 00:50:29.613 [main] INFO  Modules.Server - 872 байт пришло от клиента
2024-04-29 00:50:29.655 [Thread-10] INFO  Modules.Server - Запрос:
add

VehicleModel{name='test', coordinates=Координаты: (x=1.0, y=1.0), enginePower=1.0, capacity=1.0, distanceTravelled=1.0, type=HOVERBOARD}
Успешно обработан
2024-04-29 00:50:29.655 [main] INFO  Modules.Server - Обработка ключа началась
2024-04-29 00:50:29.656 [Thread-11] INFO  Modules.Server - Длинна ответа (java.nio.HeapByteBuffer[pos=4 lim=4 cap=32]) отправлена клиенту
2024-04-29 00:50:29.657 [Thread-11] INFO  Modules.Server - Ответ отправлен клиенту
2024-04-29 00:50:29.658 [main] INFO  Modules.Server - Обработка ключа началась
2024-04-29 00:50:29.659 [main] INFO  Modules.Server - 872 байт пришло от клиента
2024-04-29 00:50:29.696 [Thread-12] INFO  Modules.Server - Запрос:
add

VehicleModel{name='test', coordinates=Координаты: (x=1.0, y=1.0), enginePower=1.0, capacity=1.0, distanceTravelled=1.0, type=HOVERBOARD}
Успешно обработан
2024-04-29 00:50:29.696 [main] INFO  Modules.Server - Обработка ключа началась
2024-04-29 00:50:29.697 [Thread-13] INFO  Modules.Server - Длинна ответа (java.nio.HeapByteBuffer[pos=4 lim=4 cap=32]) отправлена клиенту
2024-04-29 00:50:29.698 [Thread-13] INFO  Modules.Server - Ответ отправлен клиенту
2024-04-29 00:50:29.699 [main] INFO  Modules.Server - Обработка ключа началась
2024-04-29 00:50:29.699 [main] INFO  Modules.Server - 872 байт пришло от клиента
2024-04-29 00:50:29.726 [Thread-14] INFO  Modules.Server - Запрос:
add

VehicleModel{name='test', coordinates=Координаты: (x=1.0, y=1.0), enginePower=1.0, capacity=1.0, distanceTravelled=1.0, type=HOVERBOARD}
Успешно обработан
2024-04-29 00:50:29.726 [main] INFO  Modules.Server - Обработка ключа началась
2024-04-29 00:50:29.727 [Thread-15] INFO  Modules.Server - Длинна ответа (java.nio.HeapByteBuffer[pos=4 lim=4 cap=32]) отправлена клиенту
2024-04-29 00:50:29.728 [Thread-15] INFO  Modules.Server - Ответ отправлен клиенту
2024-04-29 00:50:29.729 [main] INFO  Modules.Server - Обработка ключа началась
2024-04-29 00:50:29.730 [main] INFO  Modules.Server - 872 байт пришло от клиента
2024-04-29 00:50:29.762 [Thread-16] INFO  Modules.Server - Запрос:
add

VehicleModel{name='test', coordinates=Координаты: (x=1.0, y=1.0), enginePower=1.0, capacity=1.0, distanceTravelled=1.0, type=HOVERBOARD}
Успешно обработан
2024-04-29 00:50:29.763 [main] INFO  Modules.Server - Обработка ключа началась
2024-04-29 00:50:29.764 [Thread-17] INFO  Modules.Server - Длинна ответа (java.nio.HeapByteBuffer[pos=4 lim=4 cap=32]) отправлена клиенту
2024-04-29 00:50:29.764 [Thread-17] INFO  Modules.Server - Ответ отправлен клиенту
2024-04-29 00:50:47.269 [main] INFO  Modules.Server - Обработка ключа началась
2024-04-29 00:50:47.270 [main] INFO  Modules.Server - Установлено соединение с клиентом Socket[addr=/127.0.0.1,port=61616,localport=8000]
2024-04-29 00:50:55.224 [main] INFO  Modules.Server - Обработка ключа началась
2024-04-29 00:50:55.225 [main] INFO  Modules.Server - 334 байт пришло от клиента
2024-04-29 00:50:55.266 [Thread-18] INFO  Modules.Server - Пользователь максим сательник успешно аутентифицирован
2024-04-29 00:50:55.267 [main] INFO  Modules.Server - Обработка ключа началась
2024-04-29 00:50:55.268 [Thread-19] INFO  Modules.Server - Длинна ответа (java.nio.HeapByteBuffer[pos=4 lim=4 cap=32]) отправлена клиенту
2024-04-29 00:50:55.268 [Thread-19] INFO  Modules.Server - Ответ отправлен клиенту
2024-04-29 00:50:57.412 [main] INFO  Modules.Server - Обработка ключа началась
2024-04-29 00:50:57.413 [main] INFO  Modules.Server - 342 байт пришло от клиента
2024-04-29 00:50:57.418 [Thread-20] INFO  Modules.Server - Запрос:
info

null
Успешно обработан
2024-04-29 00:50:57.419 [main] INFO  Modules.Server - Обработка ключа началась
2024-04-29 00:50:57.420 [Thread-21] INFO  Modules.Server - Длинна ответа (java.nio.HeapByteBuffer[pos=4 lim=4 cap=32]) отправлена клиенту
2024-04-29 00:50:57.421 [Thread-21] INFO  Modules.Server - Ответ отправлен клиенту
2024-04-29 00:50:59.830 [main] INFO  Modules.Server - Обработка ключа началась
2024-04-29 00:50:59.831 [main] INFO  Modules.Server - 345 байт пришло от клиента
2024-04-29 00:50:59.832 [Thread-22] INFO  Modules.Server - Запрос:
history

null
Успешно обработан
2024-04-29 00:50:59.833 [main] INFO  Modules.Server - Обработка ключа началась
2024-04-29 00:50:59.834 [Thread-23] INFO  Modules.Server - Длинна ответа (java.nio.HeapByteBuffer[pos=4 lim=4 cap=32]) отправлена клиенту
2024-04-29 00:50:59.835 [Thread-23] INFO  Modules.Server - Ответ отправлен клиенту
2024-04-29 00:51:02.305 [main] INFO  Modules.Server - Обработка ключа началась
2024-04-29 00:51:02.306 [main] INFO  Modules.Server - 342 байт пришло от клиента
2024-04-29 00:51:02.307 [Thread-24] INFO  Modules.Server - Запрос:
show

null
Успешно обработан
2024-04-29 00:51:02.308 [main] INFO  Modules.Server - Обработка ключа началась
2024-04-29 00:51:02.309 [Thread-25] INFO  Modules.Server - Длинна ответа (java.nio.HeapByteBuffer[pos=4 lim=4 cap=32]) отправлена клиенту
2024-04-29 00:51:02.309 [Thread-25] INFO  Modules.Server - Ответ отправлен клиенту
2024-04-29 00:51:34.666 [main] INFO  Modules.Server - Обработка ключа началась
2024-04-29 00:51:34.667 [main] INFO  Modules.Server - 892 байт пришло от клиента
2024-04-29 00:51:34.695 [Thread-26] INFO  Modules.Server - Запрос:
add

VehicleModel{name='yoyoyoy', coordinates=Координаты: (x=1232132.0, y=3.31232312E8), enginePower=757574.0001, capacity=3243432.8, distanceTravelled=54.55576, type=SPACESHIP}
Успешно обработан
2024-04-29 00:51:34.696 [main] INFO  Modules.Server - Обработка ключа началась
2024-04-29 00:51:34.697 [Thread-27] INFO  Modules.Server - Длинна ответа (java.nio.HeapByteBuffer[pos=4 lim=4 cap=32]) отправлена клиенту
2024-04-29 00:51:34.697 [Thread-27] INFO  Modules.Server - Ответ отправлен клиенту
2024-04-29 00:52:01.313 [main] INFO  Modules.Server - Обработка ключа началась
2024-04-29 00:52:01.314 [main] INFO  Modules.Server - Клиент java.nio.channels.SocketChannel[connected local=/127.0.0.1:8000 remote=/127.0.0.1:61616] отключился
2024-04-29 00:52:01.342 [Thread-28] INFO  Modules.Server - Запрос:
add

VehicleModel{name='yoyoyoy', coordinates=Координаты: (x=1232132.0, y=3.31232312E8), enginePower=757574.0001, capacity=3243432.8, distanceTravelled=54.55576, type=SPACESHIP}
Успешно обработан
2024-04-29 00:52:01.343 [main] INFO  Modules.Server - Клиент java.nio.channels.SocketChannel[connected local=/127.0.0.1:8000 remote=/127.0.0.1:61616] отключился
2024-04-29 00:52:04.626 [main] INFO  Modules.Server - Обработка ключа началась
2024-04-29 00:52:04.626 [main] INFO  Modules.Server - 324 байт пришло от клиента
2024-04-29 00:52:04.628 [Thread-29] INFO  Modules.Server - Запрос:
info

null
Успешно обработан
2024-04-29 00:52:04.628 [main] INFO  Modules.Server - Обработка ключа началась
2024-04-29 00:52:04.633 [Thread-30] INFO  Modules.Server - Длинна ответа (java.nio.HeapByteBuffer[pos=4 lim=4 cap=32]) отправлена клиенту
2024-04-29 00:52:04.634 [Thread-30] INFO  Modules.Server - Ответ отправлен клиенту
2024-04-29 00:52:10.543 [main] INFO  Modules.Server - Обработка ключа началась
2024-04-29 00:52:10.543 [main] INFO  Modules.Server - 324 байт пришло от клиента
2024-04-29 00:52:10.545 [Thread-31] INFO  Modules.Server - Запрос:
help

null
Успешно обработан
2024-04-29 00:52:10.545 [main] INFO  Modules.Server - Обработка ключа началась
2024-04-29 00:52:10.547 [Thread-32] INFO  Modules.Server - Длинна ответа (java.nio.HeapByteBuffer[pos=4 lim=4 cap=32]) отправлена клиенту
2024-04-29 00:52:10.547 [Thread-32] INFO  Modules.Server - Ответ отправлен клиенту
2024-04-29 00:52:14.963 [main] INFO  Modules.Server - Обработка ключа началась
2024-04-29 00:52:14.964 [main] INFO  Modules.Server - Клиент java.nio.channels.SocketChannel[connected local=/127.0.0.1:8000 remote=/127.0.0.1:61607] отключился
2024-04-29 00:52:14.965 [Thread-33] INFO  Modules.Server - Запрос:
help

null
Успешно обработан
2024-04-29 00:52:14.965 [main] INFO  Modules.Server - Клиент java.nio.channels.SocketChannel[connected local=/127.0.0.1:8000 remote=/127.0.0.1:61607] отключился
